Command line invocation:
    /Applications/Xcode.app/Contents/Developer/usr/bin/xcodebuild clean build -project FridgeManager.xcodeproj -scheme FridgeManager -configuration Debug -derivedDataPath ./build/DerivedData -destination id=60648CFD-A7BC-454B-A80C-74170AC32C7D

2026-02-21 14:58:43.994 xcodebuild[35470:664466] [MT] IDERunDestination: Supported platforms for the buildables in the current scheme is empty.
CreateBuildRequest

SendProjectDescription

CreateBuildOperation

** CLEAN SUCCEEDED **

ComputePackagePrebuildTargetDependencyGraph

Prepare packages

CreateBuildRequest

SendProjectDescription

CreateBuildOperation

ComputeTargetDependencyGraph
note: Building targets in dependency order
note: Target dependency graph (1 target)
    Target 'FridgeManager' in project 'FridgeManager' (no dependencies)

GatherProvisioningInputs

CreateBuildDescription

ExecuteExternalTool /Applications/Xcode.app/Contents/Developer/Toolchains/XcodeDefault.xctoolchain/usr/bin/clang -v -E -dM -isysroot /Applications/Xcode.app/Contents/Developer/Platforms/iPhoneSimulator.platform/Developer/SDKs/iPhoneSimulator26.2.sdk -x c -c /dev/null

ExecuteExternalTool /Applications/Xcode.app/Contents/Developer/usr/bin/actool --print-asset-tag-combinations --output-format xml1 /Users/filip/Projects/FridgeManager/FridgeManager/FridgeManager/FridgeManager/Assets.xcassets /Users/filip/Projects/FridgeManager/FridgeManager/FridgeManager/Assets.xcassets

ExecuteExternalTool /Applications/Xcode.app/Contents/Developer/usr/bin/actool --version --output-format xml1

ExecuteExternalTool /Applications/Xcode.app/Contents/Developer/Toolchains/XcodeDefault.xctoolchain/usr/bin/swiftc --version

ExecuteExternalTool /Applications/Xcode.app/Contents/Developer/Toolchains/XcodeDefault.xctoolchain/usr/bin/ld -version_details

Build description signature: c6b9675cb05447b1f6319e43f71dae2f
Build description path: /Users/filip/Projects/FridgeManager/FridgeManager/build/DerivedData/Build/Intermediates.noindex/XCBuildData/c6b9675cb05447b1f6319e43f71dae2f.xcbuilddata
error: unable to attach DB: unable to initialize database (disk I/O error)
warning: Run script build phase 'Regenerate App Icons' will be run during every build because it does not specify any outputs. To address this issue, either add output dependencies to the script phase, or configure it to run in every build by unchecking "Based on dependency analysis" in the script phase. (in target 'FridgeManager' from project 'FridgeManager')
** BUILD FAILED **


The following build commands failed:
	Building project FridgeManager with scheme FridgeManager and configuration Debug
(1 failure)
