Command line invocation:
    /Applications/Xcode.app/Contents/Developer/usr/bin/xcodebuild build -project FridgeManager.xcodeproj -scheme FridgeManager -configuration Debug -destination "platform=iOS Simulator,id=FBBCD8FD-82EA-4CE3-97BD-67D3EB8A0752" -derivedDataPath ./build/derivedData

2026-02-21 13:09:03.811 xcodebuild[24369:458788] [MT] IDERunDestination: Supported platforms for the buildables in the current scheme is empty.
2026-02-21 13:09:03.947 xcodebuild[24369:458788] Writing error result bundle to /var/folders/kt/m_rtgb2s5nn7js3w8syxf5nw0000gn/T/ResultBundle_2026-21-02_13-09-0003.xcresult
xcodebuild: error: Unable to find a destination matching the provided destination specifier:
		{ platform:iOS Simulator, id:FBBCD8FD-82EA-4CE3-97BD-67D3EB8A0752 }

	Available destinations for the "FridgeManager" scheme:
		{ platform:macOS, arch:arm64, variant:Designed for [iPad,iPhone], id:00008103-000D78E93C31001E, name:My Mac }
		{ platform:iOS, id:dvtdevice-DVTiPhonePlaceholder-iphoneos:placeholder, name:Any iOS Device }
		{ platform:iOS Simulator, id:dvtdevice-DVTiOSDeviceSimulatorPlaceholder-iphonesimulator:placeholder, name:Any iOS Simulator Device }
		{ platform:iOS Simulator, arch:arm64, id:420D409F-B8B6-42A5-A22D-DB636F4C9BB2, OS:26.2, name:iPad (A16) }
		{ platform:iOS Simulator, arch:arm64, id:45528088-F37A-4234-AB1B-B6B5E9630DF9, OS:26.2, name:iPad Air 11-inch (M3) }
		{ platform:iOS Simulator, arch:arm64, id:9CBE854F-B3BF-48B4-97E4-89C81B0F7348, OS:26.2, name:iPad Air 13-inch (M3) }
		{ platform:iOS Simulator, arch:arm64, id:5FAAFF44-25A4-439E-9CDA-4A37CC524919, OS:26.2, name:iPad Pro 11-inch (M5) }
		{ platform:iOS Simulator, arch:arm64, id:FCC2186D-0AD7-4805-9A02-4AC8CF74449E, OS:26.2, name:iPad Pro 13-inch (M5) }
		{ platform:iOS Simulator, arch:arm64, id:34E3CF80-E8A8-4780-9D69-E0189F02AC94, OS:26.2, name:iPad mini (A17 Pro) }
		{ platform:iOS Simulator, arch:arm64, id:5C0470BE-075D-4ADA-808E-E8EF21A8619F, OS:26.2, name:iPhone 16e }
		{ platform:iOS Simulator, arch:arm64, id:60648CFD-A7BC-454B-A80C-74170AC32C7D, OS:26.2, name:iPhone 17 }
		{ platform:iOS Simulator, arch:arm64, id:69A0FCC1-9711-4036-A8B6-C84D78528101, OS:26.2, name:iPhone 17 Pro }
		{ platform:iOS Simulator, arch:arm64, id:BDE9BA6F-9F73-4231-9EFE-BD978DD80B89, OS:26.2, name:iPhone 17 Pro Max }
		{ platform:iOS Simulator, arch:arm64, id:16C7906D-F83C-4B0B-A031-439139E6EA78, OS:26.2, name:iPhone Air }
