Command line invocation:
    /Applications/Xcode.app/Contents/Developer/usr/bin/xcodebuild -project FridgeManager.xcodeproj -scheme FridgeManager -configuration Debug -destination id=18764EDE-97FF-4EEC-8E7B-2B5383381779 clean build

CreateBuildRequest

SendProjectDescription

CreateBuildOperation

** CLEAN SUCCEEDED **

ComputePackagePrebuildTargetDependencyGraph

Prepare packages

CreateBuildRequest

SendProjectDescription

CreateBuildOperation

ComputeTargetDependencyGraph
note: Building targets in dependency order
note: Target dependency graph (1 target)
    Target 'FridgeManager' in project 'FridgeManager' (no dependencies)

GatherProvisioningInputs

CreateBuildDescription

ExecuteExternalTool /Applications/Xcode.app/Contents/Developer/Toolchains/XcodeDefault.xctoolchain/usr/bin/clang -v -E -dM -isysroot /Applications/Xcode.app/Contents/Developer/Platforms/iPhoneSimulator.platform/Developer/SDKs/iPhoneSimulator26.2.sdk -x c -c /dev/null

ExecuteExternalTool /Applications/Xcode.app/Contents/Developer/usr/bin/actool --print-asset-tag-combinations --output-format xml1 /Users/filip/Projects/FridgeManager/FridgeManager/FridgeManager/FridgeManager/Assets.xcassets /Users/filip/Projects/FridgeManager/FridgeManager/FridgeManager/Assets.xcassets

ExecuteExternalTool /Applications/Xcode.app/Contents/Developer/usr/bin/actool --version --output-format xml1

ExecuteExternalTool /Applications/Xcode.app/Contents/Developer/Toolchains/XcodeDefault.xctoolchain/usr/bin/swiftc --version

ExecuteExternalTool /Applications/Xcode.app/Contents/Developer/Toolchains/XcodeDefault.xctoolchain/usr/bin/ld -version_details

Build description signature: 1fa2113ad44e1a75a0fbb20f90fd7100
Build description path: /Users/filip/Library/Developer/Xcode/DerivedData/FridgeManager-cqwjywvxdxuliyanckgpjwbekvor/Build/Intermediates.noindex/XCBuildData/1fa2113ad44e1a75a0fbb20f90fd7100.xcbuilddata
ClangStatCache /Applications/Xcode.app/Contents/Developer/Toolchains/XcodeDefault.xctoolchain/usr/bin/clang-stat-cache /Applications/Xcode.app/Contents/Developer/Platforms/iPhoneSimulator.platform/Developer/SDKs/iPhoneSimulator26.2.sdk /Users/filip/Library/Developer/Xcode/DerivedData/SDKStatCaches.noindex/iphonesimulator26.2-23C53-7d00a8b37fbd7999ea79df8ebc024bf0.sdkstatcache
    cd /Users/filip/Projects/FridgeManager/FridgeManager/FridgeManager.xcodeproj
    /Applications/Xcode.app/Contents/Developer/Toolchains/XcodeDefault.xctoolchain/usr/bin/clang-stat-cache /Applications/Xcode.app/Contents/Developer/Platforms/iPhoneSimulator.platform/Developer/SDKs/iPhoneSimulator26.2.sdk -o /Users/filip/Library/Developer/Xcode/DerivedData/SDKStatCaches.noindex/iphonesimulator26.2-23C53-7d00a8b37fbd7999ea79df8ebc024bf0.sdkstatcache

CreateBuildDirectory /Users/filip/Library/Developer/Xcode/DerivedData/FridgeManager-cqwjywvxdxuliyanckgpjwbekvor/Build/Products
    cd /Users/filip/Projects/FridgeManager/FridgeManager/FridgeManager.xcodeproj
    builtin-create-build-directory /Users/filip/Library/Developer/Xcode/DerivedData/FridgeManager-cqwjywvxdxuliyanckgpjwbekvor/Build/Products

CreateBuildDirectory /Users/filip/Library/Developer/Xcode/DerivedData/FridgeManager-cqwjywvxdxuliyanckgpjwbekvor/Build/Intermediates.noindex
    cd /Users/filip/Projects/FridgeManager/FridgeManager/FridgeManager.xcodeproj
    builtin-create-build-directory /Users/filip/Library/Developer/Xcode/DerivedData/FridgeManager-cqwjywvxdxuliyanckgpjwbekvor/Build/Intermediates.noindex

WriteAuxiliaryFile /Users/filip/Library/Developer/Xcode/DerivedData/FridgeManager-cqwjywvxdxuliyanckgpjwbekvor/Build/Intermediates.noindex/FridgeManager.build/Debug-iphonesimulator/FridgeManager-481fc638640fec3d0aed132ca65be358-VFS-iphonesimulator/all-product-headers.yaml
    cd /Users/filip/Projects/FridgeManager/FridgeManager/FridgeManager.xcodeproj
    write-file /Users/filip/Library/Developer/Xcode/DerivedData/FridgeManager-cqwjywvxdxuliyanckgpjwbekvor/Build/Intermediates.noindex/FridgeManager.build/Debug-iphonesimulator/FridgeManager-481fc638640fec3d0aed132ca65be358-VFS-iphonesimulator/all-product-headers.yaml

CreateBuildDirectory /Users/filip/Library/Developer/Xcode/DerivedData/FridgeManager-cqwjywvxdxuliyanckgpjwbekvor/Build/Intermediates.noindex/SwiftExplicitPrecompiledModules
    cd /Users/filip/Projects/FridgeManager/FridgeManager/FridgeManager.xcodeproj
    builtin-create-build-directory /Users/filip/Library/Developer/Xcode/DerivedData/FridgeManager-cqwjywvxdxuliyanckgpjwbekvor/Build/Intermediates.noindex/SwiftExplicitPrecompiledModules

CreateBuildDirectory /Users/filip/Library/Developer/Xcode/DerivedData/FridgeManager-cqwjywvxdxuliyanckgpjwbekvor/Build/Intermediates.noindex/ExplicitPrecompiledModules
    cd /Users/filip/Projects/FridgeManager/FridgeManager/FridgeManager.xcodeproj
    builtin-create-build-directory /Users/filip/Library/Developer/Xcode/DerivedData/FridgeManager-cqwjywvxdxuliyanckgpjwbekvor/Build/Intermediates.noindex/ExplicitPrecompiledModules

CreateBuildDirectory /Users/filip/Library/Developer/Xcode/DerivedData/FridgeManager-cqwjywvxdxuliyanckgpjwbekvor/Build/Intermediates.noindex/EagerLinkingTBDs/Debug-iphonesimulator
    cd /Users/filip/Projects/FridgeManager/FridgeManager/FridgeManager.xcodeproj
    builtin-create-build-directory /Users/filip/Library/Developer/Xcode/DerivedData/FridgeManager-cqwjywvxdxuliyanckgpjwbekvor/Build/Intermediates.noindex/EagerLinkingTBDs/Debug-iphonesimulator

CreateBuildDirectory /Users/filip/Library/Developer/Xcode/DerivedData/FridgeManager-cqwjywvxdxuliyanckgpjwbekvor/Build/Products/Debug-iphonesimulator
    cd /Users/filip/Projects/FridgeManager/FridgeManager/FridgeManager.xcodeproj
    builtin-create-build-directory /Users/filip/Library/Developer/Xcode/DerivedData/FridgeManager-cqwjywvxdxuliyanckgpjwbekvor/Build/Products/Debug-iphonesimulator

WriteAuxiliaryFile /Users/filip/Library/Developer/Xcode/DerivedData/FridgeManager-cqwjywvxdxuliyanckgpjwbekvor/Build/Intermediates.noindex/FridgeManager.build/Debug-iphonesimulator/FridgeManager.build/empty-FridgeManager.plist (in target 'FridgeManager' from project 'FridgeManager')
    cd /Users/filip/Projects/FridgeManager/FridgeManager
    write-file /Users/filip/Library/Developer/Xcode/DerivedData/FridgeManager-cqwjywvxdxuliyanckgpjwbekvor/Build/Intermediates.noindex/FridgeManager.build/Debug-iphonesimulator/FridgeManager.build/empty-FridgeManager.plist

WriteAuxiliaryFile /Users/filip/Library/Developer/Xcode/DerivedData/FridgeManager-cqwjywvxdxuliyanckgpjwbekvor/Build/Intermediates.noindex/FridgeManager.build/Debug-iphonesimulator/FridgeManager.build/Script-DC67E1A12F477BA8008BD0B7.sh (in target 'FridgeManager' from project 'FridgeManager')
    cd /Users/filip/Projects/FridgeManager/FridgeManager
    write-file /Users/filip/Library/Developer/Xcode/DerivedData/FridgeManager-cqwjywvxdxuliyanckgpjwbekvor/Build/Intermediates.noindex/FridgeManager.build/Debug-iphonesimulator/FridgeManager.build/Script-DC67E1A12F477BA8008BD0B7.sh

WriteAuxiliaryFile /Users/filip/Library/Developer/Xcode/DerivedData/FridgeManager-cqwjywvxdxuliyanckgpjwbekvor/Build/Intermediates.noindex/FridgeManager.build/Debug-iphonesimulator/FridgeManager.build/Objects-normal/arm64/FridgeManager.LinkFileList (in target 'FridgeManager' from project 'FridgeManager')
    cd /Users/filip/Projects/FridgeManager/FridgeManager
    write-file /Users/filip/Library/Developer/Xcode/DerivedData/FridgeManager-cqwjywvxdxuliyanckgpjwbekvor/Build/Intermediates.noindex/FridgeManager.build/Debug-iphonesimulator/FridgeManager.build/Objects-normal/arm64/FridgeManager.LinkFileList

WriteAuxiliaryFile /Users/filip/Library/Developer/Xcode/DerivedData/FridgeManager-cqwjywvxdxuliyanckgpjwbekvor/Build/Intermediates.noindex/FridgeManager.build/Debug-iphonesimulator/FridgeManager.build/Objects-normal/arm64/FridgeManager.SwiftConstValuesFileList (in target 'FridgeManager' from project 'FridgeManager')
    cd /Users/filip/Projects/FridgeManager/FridgeManager
    write-file /Users/filip/Library/Developer/Xcode/DerivedData/FridgeManager-cqwjywvxdxuliyanckgpjwbekvor/Build/Intermediates.noindex/FridgeManager.build/Debug-iphonesimulator/FridgeManager.build/Objects-normal/arm64/FridgeManager.SwiftConstValuesFileList

WriteAuxiliaryFile /Users/filip/Library/Developer/Xcode/DerivedData/FridgeManager-cqwjywvxdxuliyanckgpjwbekvor/Build/Intermediates.noindex/FridgeManager.build/Debug-iphonesimulator/FridgeManager.build/Objects-normal/arm64/FridgeManager_const_extract_protocols.json (in target 'FridgeManager' from project 'FridgeManager')
    cd /Users/filip/Projects/FridgeManager/FridgeManager
    write-file /Users/filip/Library/Developer/Xcode/DerivedData/FridgeManager-cqwjywvxdxuliyanckgpjwbekvor/Build/Intermediates.noindex/FridgeManager.build/Debug-iphonesimulator/FridgeManager.build/Objects-normal/arm64/FridgeManager_const_extract_protocols.json

WriteAuxiliaryFile /Users/filip/Library/Developer/Xcode/DerivedData/FridgeManager-cqwjywvxdxuliyanckgpjwbekvor/Build/Intermediates.noindex/FridgeManager.build/Debug-iphonesimulator/FridgeManager.build/Objects-normal/arm64/FridgeManager.SwiftFileList (in target 'FridgeManager' from project 'FridgeManager')
    cd /Users/filip/Projects/FridgeManager/FridgeManager
    write-file /Users/filip/Library/Developer/Xcode/DerivedData/FridgeManager-cqwjywvxdxuliyanckgpjwbekvor/Build/Intermediates.noindex/FridgeManager.build/Debug-iphonesimulator/FridgeManager.build/Objects-normal/arm64/FridgeManager.SwiftFileList

WriteAuxiliaryFile /Users/filip/Library/Developer/Xcode/DerivedData/FridgeManager-cqwjywvxdxuliyanckgpjwbekvor/Build/Intermediates.noindex/FridgeManager.build/Debug-iphonesimulator/FridgeManager.build/Objects-normal/arm64/FridgeManager-OutputFileMap.json (in target 'FridgeManager' from project 'FridgeManager')
    cd /Users/filip/Projects/FridgeManager/FridgeManager
    write-file /Users/filip/Library/Developer/Xcode/DerivedData/FridgeManager-cqwjywvxdxuliyanckgpjwbekvor/Build/Intermediates.noindex/FridgeManager.build/Debug-iphonesimulator/FridgeManager.build/Objects-normal/arm64/FridgeManager-OutputFileMap.json

WriteAuxiliaryFile /Users/filip/Library/Developer/Xcode/DerivedData/FridgeManager-cqwjywvxdxuliyanckgpjwbekvor/Build/Intermediates.noindex/FridgeManager.build/Debug-iphonesimulator/FridgeManager.build/FridgeManager.hmap (in target 'FridgeManager' from project 'FridgeManager')
    cd /Users/filip/Projects/FridgeManager/FridgeManager
    write-file /Users/filip/Library/Developer/Xcode/DerivedData/FridgeManager-cqwjywvxdxuliyanckgpjwbekvor/Build/Intermediates.noindex/FridgeManager.build/Debug-iphonesimulator/FridgeManager.build/FridgeManager.hmap

WriteAuxiliaryFile /Users/filip/Library/Developer/Xcode/DerivedData/FridgeManager-cqwjywvxdxuliyanckgpjwbekvor/Build/Intermediates.noindex/FridgeManager.build/Debug-iphonesimulator/FridgeManager.build/FridgeManager.DependencyStaticMetadataFileList (in target 'FridgeManager' from project 'FridgeManager')
    cd /Users/filip/Projects/FridgeManager/FridgeManager
    write-file /Users/filip/Library/Developer/Xcode/DerivedData/FridgeManager-cqwjywvxdxuliyanckgpjwbekvor/Build/Intermediates.noindex/FridgeManager.build/Debug-iphonesimulator/FridgeManager.build/FridgeManager.DependencyStaticMetadataFileList

WriteAuxiliaryFile /Users/filip/Library/Developer/Xcode/DerivedData/FridgeManager-cqwjywvxdxuliyanckgpjwbekvor/Build/Intermediates.noindex/FridgeManager.build/Debug-iphonesimulator/FridgeManager.build/FridgeManager.DependencyMetadataFileList (in target 'FridgeManager' from project 'FridgeManager')
    cd /Users/filip/Projects/FridgeManager/FridgeManager
    write-file /Users/filip/Library/Developer/Xcode/DerivedData/FridgeManager-cqwjywvxdxuliyanckgpjwbekvor/Build/Intermediates.noindex/FridgeManager.build/Debug-iphonesimulator/FridgeManager.build/FridgeManager.DependencyMetadataFileList

WriteAuxiliaryFile /Users/filip/Library/Developer/Xcode/DerivedData/FridgeManager-cqwjywvxdxuliyanckgpjwbekvor/Build/Intermediates.noindex/FridgeManager.build/Debug-iphonesimulator/FridgeManager.build/FridgeManager-project-headers.hmap (in target 'FridgeManager' from project 'FridgeManager')
    cd /Users/filip/Projects/FridgeManager/FridgeManager
    write-file /Users/filip/Library/Developer/Xcode/DerivedData/FridgeManager-cqwjywvxdxuliyanckgpjwbekvor/Build/Intermediates.noindex/FridgeManager.build/Debug-iphonesimulator/FridgeManager.build/FridgeManager-project-headers.hmap

WriteAuxiliaryFile /Users/filip/Library/Developer/Xcode/DerivedData/FridgeManager-cqwjywvxdxuliyanckgpjwbekvor/Build/Intermediates.noindex/FridgeManager.build/Debug-iphonesimulator/FridgeManager.build/FridgeManager-own-target-headers.hmap (in target 'FridgeManager' from project 'FridgeManager')
    cd /Users/filip/Projects/FridgeManager/FridgeManager
    write-file /Users/filip/Library/Developer/Xcode/DerivedData/FridgeManager-cqwjywvxdxuliyanckgpjwbekvor/Build/Intermediates.noindex/FridgeManager.build/Debug-iphonesimulator/FridgeManager.build/FridgeManager-own-target-headers.hmap

WriteAuxiliaryFile /Users/filip/Library/Developer/Xcode/DerivedData/FridgeManager-cqwjywvxdxuliyanckgpjwbekvor/Build/Intermediates.noindex/FridgeManager.build/Debug-iphonesimulator/FridgeManager.build/FridgeManager-generated-files.hmap (in target 'FridgeManager' from project 'FridgeManager')
    cd /Users/filip/Projects/FridgeManager/FridgeManager
    write-file /Users/filip/Library/Developer/Xcode/DerivedData/FridgeManager-cqwjywvxdxuliyanckgpjwbekvor/Build/Intermediates.noindex/FridgeManager.build/Debug-iphonesimulator/FridgeManager.build/FridgeManager-generated-files.hmap

WriteAuxiliaryFile /Users/filip/Library/Developer/Xcode/DerivedData/FridgeManager-cqwjywvxdxuliyanckgpjwbekvor/Build/Intermediates.noindex/FridgeManager.build/Debug-iphonesimulator/FridgeManager.build/FridgeManager-all-target-headers.hmap (in target 'FridgeManager' from project 'FridgeManager')
    cd /Users/filip/Projects/FridgeManager/FridgeManager
    write-file /Users/filip/Library/Developer/Xcode/DerivedData/FridgeManager-cqwjywvxdxuliyanckgpjwbekvor/Build/Intermediates.noindex/FridgeManager.build/Debug-iphonesimulator/FridgeManager.build/FridgeManager-all-target-headers.hmap

WriteAuxiliaryFile /Users/filip/Library/Developer/Xcode/DerivedData/FridgeManager-cqwjywvxdxuliyanckgpjwbekvor/Build/Intermediates.noindex/FridgeManager.build/Debug-iphonesimulator/FridgeManager.build/FridgeManager-all-non-framework-target-headers.hmap (in target 'FridgeManager' from project 'FridgeManager')
    cd /Users/filip/Projects/FridgeManager/FridgeManager
    write-file /Users/filip/Library/Developer/Xcode/DerivedData/FridgeManager-cqwjywvxdxuliyanckgpjwbekvor/Build/Intermediates.noindex/FridgeManager.build/Debug-iphonesimulator/FridgeManager.build/FridgeManager-all-non-framework-target-headers.hmap

WriteAuxiliaryFile /Users/filip/Library/Developer/Xcode/DerivedData/FridgeManager-cqwjywvxdxuliyanckgpjwbekvor/Build/Intermediates.noindex/FridgeManager.build/Debug-iphonesimulator/FridgeManager.build/FridgeManager-DebugDylibPath-normal-arm64.txt (in target 'FridgeManager' from project 'FridgeManager')
    cd /Users/filip/Projects/FridgeManager/FridgeManager
    write-file /Users/filip/Library/Developer/Xcode/DerivedData/FridgeManager-cqwjywvxdxuliyanckgpjwbekvor/Build/Intermediates.noindex/FridgeManager.build/Debug-iphonesimulator/FridgeManager.build/FridgeManager-DebugDylibPath-normal-arm64.txt

WriteAuxiliaryFile /Users/filip/Library/Developer/Xcode/DerivedData/FridgeManager-cqwjywvxdxuliyanckgpjwbekvor/Build/Intermediates.noindex/FridgeManager.build/Debug-iphonesimulator/FridgeManager.build/FridgeManager-DebugDylibInstallName-normal-arm64.txt (in target 'FridgeManager' from project 'FridgeManager')
    cd /Users/filip/Projects/FridgeManager/FridgeManager
    write-file /Users/filip/Library/Developer/Xcode/DerivedData/FridgeManager-cqwjywvxdxuliyanckgpjwbekvor/Build/Intermediates.noindex/FridgeManager.build/Debug-iphonesimulator/FridgeManager.build/FridgeManager-DebugDylibInstallName-normal-arm64.txt

WriteAuxiliaryFile /Users/filip/Library/Developer/Xcode/DerivedData/FridgeManager-cqwjywvxdxuliyanckgpjwbekvor/Build/Intermediates.noindex/FridgeManager.build/Debug-iphonesimulator/FridgeManager.build/2b4610738e683e8ba16ba02e03f73443.sb (in target 'FridgeManager' from project 'FridgeManager')
    cd /Users/filip/Projects/FridgeManager/FridgeManager
    write-file /Users/filip/Library/Developer/Xcode/DerivedData/FridgeManager-cqwjywvxdxuliyanckgpjwbekvor/Build/Intermediates.noindex/FridgeManager.build/Debug-iphonesimulator/FridgeManager.build/2b4610738e683e8ba16ba02e03f73443.sb

MkDir /Users/filip/Library/Developer/Xcode/DerivedData/FridgeManager-cqwjywvxdxuliyanckgpjwbekvor/Build/Products/Debug-iphonesimulator/FridgeManager.app (in target 'FridgeManager' from project 'FridgeManager')
    cd /Users/filip/Projects/FridgeManager/FridgeManager
    /bin/mkdir -p /Users/filip/Library/Developer/Xcode/DerivedData/FridgeManager-cqwjywvxdxuliyanckgpjwbekvor/Build/Products/Debug-iphonesimulator/FridgeManager.app

WriteAuxiliaryFile /Users/filip/Library/Developer/Xcode/DerivedData/FridgeManager-cqwjywvxdxuliyanckgpjwbekvor/Build/Intermediates.noindex/FridgeManager.build/Debug-iphonesimulator/FridgeManager.build/DerivedSources/Entitlements-Simulated.plist (in target 'FridgeManager' from project 'FridgeManager')
    cd /Users/filip/Projects/FridgeManager/FridgeManager
    write-file /Users/filip/Library/Developer/Xcode/DerivedData/FridgeManager-cqwjywvxdxuliyanckgpjwbekvor/Build/Intermediates.noindex/FridgeManager.build/Debug-iphonesimulator/FridgeManager.build/DerivedSources/Entitlements-Simulated.plist

ProcessProductPackaging "" /Users/filip/Library/Developer/Xcode/DerivedData/FridgeManager-cqwjywvxdxuliyanckgpjwbekvor/Build/Intermediates.noindex/FridgeManager.build/Debug-iphonesimulator/FridgeManager.build/FridgeManager.app-Simulated.xcent (in target 'FridgeManager' from project 'FridgeManager')
    cd /Users/filip/Projects/FridgeManager/FridgeManager
    
    Entitlements:
    
    {
    "application-identifier" = "22L5CCVC3A.be.razor.FridgeManager";
}
    
    builtin-productPackagingUtility -entitlements -format xml -o /Users/filip/Library/Developer/Xcode/DerivedData/FridgeManager-cqwjywvxdxuliyanckgpjwbekvor/Build/Intermediates.noindex/FridgeManager.build/Debug-iphonesimulator/FridgeManager.build/FridgeManager.app-Simulated.xcent

ProcessProductPackagingDER /Users/filip/Library/Developer/Xcode/DerivedData/FridgeManager-cqwjywvxdxuliyanckgpjwbekvor/Build/Intermediates.noindex/FridgeManager.build/Debug-iphonesimulator/FridgeManager.build/FridgeManager.app-Simulated.xcent /Users/filip/Library/Developer/Xcode/DerivedData/FridgeManager-cqwjywvxdxuliyanckgpjwbekvor/Build/Intermediates.noindex/FridgeManager.build/Debug-iphonesimulator/FridgeManager.build/FridgeManager.app-Simulated.xcent.der (in target 'FridgeManager' from project 'FridgeManager')
    cd /Users/filip/Projects/FridgeManager/FridgeManager
    /usr/bin/derq query -f xml -i /Users/filip/Library/Developer/Xcode/DerivedData/FridgeManager-cqwjywvxdxuliyanckgpjwbekvor/Build/Intermediates.noindex/FridgeManager.build/Debug-iphonesimulator/FridgeManager.build/FridgeManager.app-Simulated.xcent -o /Users/filip/Library/Developer/Xcode/DerivedData/FridgeManager-cqwjywvxdxuliyanckgpjwbekvor/Build/Intermediates.noindex/FridgeManager.build/Debug-iphonesimulator/FridgeManager.build/FridgeManager.app-Simulated.xcent.der --raw

Ld /Users/filip/Library/Developer/Xcode/DerivedData/FridgeManager-cqwjywvxdxuliyanckgpjwbekvor/Build/Products/Debug-iphonesimulator/FridgeManager.app/__preview.dylib normal (in target 'FridgeManager' from project 'FridgeManager')
    cd /Users/filip/Projects/FridgeManager/FridgeManager
    /Applications/Xcode.app/Contents/Developer/Toolchains/XcodeDefault.xctoolchain/usr/bin/clang -Xlinker -reproducible -target arm64-apple-ios26.2-simulator -dynamiclib -isysroot /Applications/Xcode.app/Contents/Developer/Platforms/iPhoneSimulator.platform/Developer/SDKs/iPhoneSimulator26.2.sdk -O0 -L/Users/filip/Library/Developer/Xcode/DerivedData/FridgeManager-cqwjywvxdxuliyanckgpjwbekvor/Build/Products/Debug-iphonesimulator -F/Users/filip/Library/Developer/Xcode/DerivedData/FridgeManager-cqwjywvxdxuliyanckgpjwbekvor/Build/Products/Debug-iphonesimulator -install_name @rpath/FridgeManager.debug.dylib -dead_strip -rdynamic -Xlinker -no_deduplicate -Xlinker -objc_abi_version -Xlinker 2 -Xlinker -debug_variant -Xlinker -dependency_info -Xlinker /Users/filip/Library/Developer/Xcode/DerivedData/FridgeManager-cqwjywvxdxuliyanckgpjwbekvor/Build/Intermediates.noindex/FridgeManager.build/Debug-iphonesimulator/FridgeManager.build/Objects-normal/arm64/FridgeManager_dependency_info.dat -Xlinker -sectcreate -Xlinker __TEXT -Xlinker __entitlements -Xlinker /Users/filip/Library/Developer/Xcode/DerivedData/FridgeManager-cqwjywvxdxuliyanckgpjwbekvor/Build/Intermediates.noindex/FridgeManager.build/Debug-iphonesimulator/FridgeManager.build/FridgeManager.app-Simulated.xcent -Xlinker -sectcreate -Xlinker __TEXT -Xlinker __ents_der -Xlinker /Users/filip/Library/Developer/Xcode/DerivedData/FridgeManager-cqwjywvxdxuliyanckgpjwbekvor/Build/Intermediates.noindex/FridgeManager.build/Debug-iphonesimulator/FridgeManager.build/FridgeManager.app-Simulated.xcent.der -Xlinker -no_adhoc_codesign -o /Users/filip/Library/Developer/Xcode/DerivedData/FridgeManager-cqwjywvxdxuliyanckgpjwbekvor/Build/Products/Debug-iphonesimulator/FridgeManager.app/__preview.dylib

MkDir /Users/filip/Library/Developer/Xcode/DerivedData/FridgeManager-cqwjywvxdxuliyanckgpjwbekvor/Build/Intermediates.noindex/FridgeManager.build/Debug-iphonesimulator/FridgeManager.build/assetcatalog_output/unthinned (in target 'FridgeManager' from project 'FridgeManager')
    cd /Users/filip/Projects/FridgeManager/FridgeManager
    /bin/mkdir -p /Users/filip/Library/Developer/Xcode/DerivedData/FridgeManager-cqwjywvxdxuliyanckgpjwbekvor/Build/Intermediates.noindex/FridgeManager.build/Debug-iphonesimulator/FridgeManager.build/assetcatalog_output/unthinned

MkDir /Users/filip/Library/Developer/Xcode/DerivedData/FridgeManager-cqwjywvxdxuliyanckgpjwbekvor/Build/Intermediates.noindex/FridgeManager.build/Debug-iphonesimulator/FridgeManager.build/assetcatalog_output/thinned (in target 'FridgeManager' from project 'FridgeManager')
    cd /Users/filip/Projects/FridgeManager/FridgeManager
    /bin/mkdir -p /Users/filip/Library/Developer/Xcode/DerivedData/FridgeManager-cqwjywvxdxuliyanckgpjwbekvor/Build/Intermediates.noindex/FridgeManager.build/Debug-iphonesimulator/FridgeManager.build/assetcatalog_output/thinned

GenerateAssetSymbols /Users/filip/Projects/FridgeManager/FridgeManager/FridgeManager/FridgeManager/Assets.xcassets /Users/filip/Projects/FridgeManager/FridgeManager/FridgeManager/Assets.xcassets (in target 'FridgeManager' from project 'FridgeManager')
    cd /Users/filip/Projects/FridgeManager/FridgeManager
    /Applications/Xcode.app/Contents/Developer/usr/bin/actool /Users/filip/Projects/FridgeManager/FridgeManager/FridgeManager/FridgeManager/Assets.xcassets /Users/filip/Projects/FridgeManager/FridgeManager/FridgeManager/Assets.xcassets --compile /Users/filip/Library/Developer/Xcode/DerivedData/FridgeManager-cqwjywvxdxuliyanckgpjwbekvor/Build/Products/Debug-iphonesimulator/FridgeManager.app --output-format human-readable-text --notices --warnings --export-dependency-info /Users/filip/Library/Developer/Xcode/DerivedData/FridgeManager-cqwjywvxdxuliyanckgpjwbekvor/Build/Intermediates.noindex/FridgeManager.build/Debug-iphonesimulator/FridgeManager.build/assetcatalog_dependencies --output-partial-info-plist /Users/filip/Library/Developer/Xcode/DerivedData/FridgeManager-cqwjywvxdxuliyanckgpjwbekvor/Build/Intermediates.noindex/FridgeManager.build/Debug-iphonesimulator/FridgeManager.build/assetcatalog_generated_info.plist --app-icon AppIcon --accent-color AccentColor --compress-pngs --enable-on-demand-resources YES --development-region en --target-device iphone --target-device ipad --minimum-deployment-target 26.2 --platform iphonesimulator --bundle-identifier be.razor.FridgeManager --generate-swift-asset-symbols /Users/filip/Library/Developer/Xcode/DerivedData/FridgeManager-cqwjywvxdxuliyanckgpjwbekvor/Build/Intermediates.noindex/FridgeManager.build/Debug-iphonesimulator/FridgeManager.build/DerivedSources/GeneratedAssetSymbols.swift --generate-objc-asset-symbols /Users/filip/Library/Developer/Xcode/DerivedData/FridgeManager-cqwjywvxdxuliyanckgpjwbekvor/Build/Intermediates.noindex/FridgeManager.build/Debug-iphonesimulator/FridgeManager.build/DerivedSources/GeneratedAssetSymbols.h --generate-asset-symbol-index /Users/filip/Library/Developer/Xcode/DerivedData/FridgeManager-cqwjywvxdxuliyanckgpjwbekvor/Build/Intermediates.noindex/FridgeManager.build/Debug-iphonesimulator/FridgeManager.build/DerivedSources/GeneratedAssetSymbols-Index.plist
/* com.apple.actool.document.warnings */
/Users/filip/Projects/FridgeManager/FridgeManager/FridgeManager/FridgeManager/Assets.xcassets:./AppIcon.appiconset/(null)[2d][AppIcon-1024.png]: warning: The app icon set "AppIcon" has 13 unassigned children.
/Users/filip/Projects/FridgeManager/FridgeManager/FridgeManager/FridgeManager/Assets.xcassets:./AppLogo.imageset/(null)[2d][AppLogo-1x.png]: warning: The image set "AppLogo" has 3 unassigned children.
/Users/filip/Projects/FridgeManager/FridgeManager/FridgeManager/FridgeManager/Assets.xcassets:./AppIcon.appiconset/(null)[2d][AppIcon-1024.png]: warning: The app icon set "AppIcon" has 13 unassigned children.
/Users/filip/Projects/FridgeManager/FridgeManager/FridgeManager/FridgeManager/Assets.xcassets:./AppLogo.imageset/(null)[2d][AppLogo-1x.png]: warning: The image set "AppLogo" has 3 unassigned children.
/* com.apple.actool.compilation-results */
/Users/filip/Library/Developer/Xcode/DerivedData/FridgeManager-cqwjywvxdxuliyanckgpjwbekvor/Build/Intermediates.noindex/FridgeManager.build/Debug-iphonesimulator/FridgeManager.build/DerivedSources/GeneratedAssetSymbols-Index.plist
/Users/filip/Library/Developer/Xcode/DerivedData/FridgeManager-cqwjywvxdxuliyanckgpjwbekvor/Build/Intermediates.noindex/FridgeManager.build/Debug-iphonesimulator/FridgeManager.build/DerivedSources/GeneratedAssetSymbols.h
/Users/filip/Library/Developer/Xcode/DerivedData/FridgeManager-cqwjywvxdxuliyanckgpjwbekvor/Build/Intermediates.noindex/FridgeManager.build/Debug-iphonesimulator/FridgeManager.build/DerivedSources/GeneratedAssetSymbols.swift


CompileAssetCatalogVariant thinned /Users/filip/Library/Developer/Xcode/DerivedData/FridgeManager-cqwjywvxdxuliyanckgpjwbekvor/Build/Products/Debug-iphonesimulator/FridgeManager.app /Users/filip/Projects/FridgeManager/FridgeManager/FridgeManager/FridgeManager/Assets.xcassets /Users/filip/Projects/FridgeManager/FridgeManager/FridgeManager/Assets.xcassets (in target 'FridgeManager' from project 'FridgeManager')
    cd /Users/filip/Projects/FridgeManager/FridgeManager
    /Applications/Xcode.app/Contents/Developer/usr/bin/actool /Users/filip/Projects/FridgeManager/FridgeManager/FridgeManager/FridgeManager/Assets.xcassets /Users/filip/Projects/FridgeManager/FridgeManager/FridgeManager/Assets.xcassets --compile /Users/filip/Library/Developer/Xcode/DerivedData/FridgeManager-cqwjywvxdxuliyanckgpjwbekvor/Build/Intermediates.noindex/FridgeManager.build/Debug-iphonesimulator/FridgeManager.build/assetcatalog_output/thinned --output-format human-readable-text --notices --warnings --export-dependency-info /Users/filip/Library/Developer/Xcode/DerivedData/FridgeManager-cqwjywvxdxuliyanckgpjwbekvor/Build/Intermediates.noindex/FridgeManager.build/Debug-iphonesimulator/FridgeManager.build/assetcatalog_dependencies_thinned --output-partial-info-plist /Users/filip/Library/Developer/Xcode/DerivedData/FridgeManager-cqwjywvxdxuliyanckgpjwbekvor/Build/Intermediates.noindex/FridgeManager.build/Debug-iphonesimulator/FridgeManager.build/assetcatalog_generated_info.plist_thinned --app-icon AppIcon --accent-color AccentColor --compress-pngs --enable-on-demand-resources YES --filter-for-thinning-device-configuration iPhone18,3 --filter-for-device-os-version 26.2 --development-region en --target-device iphone --target-device ipad --minimum-deployment-target 26.2 --platform iphonesimulator

SwiftDriver FridgeManager normal arm64 com.apple.xcode.tools.swift.compiler (in target 'FridgeManager' from project 'FridgeManager')
    cd /Users/filip/Projects/FridgeManager/FridgeManager
    builtin-SwiftDriver -- /Applications/Xcode.app/Contents/Developer/Toolchains/XcodeDefault.xctoolchain/usr/bin/swiftc -module-name FridgeManager -Onone -enforce-exclusivity\=checked @/Users/filip/Library/Developer/Xcode/DerivedData/FridgeManager-cqwjywvxdxuliyanckgpjwbekvor/Build/Intermediates.noindex/FridgeManager.build/Debug-iphonesimulator/FridgeManager.build/Objects-normal/arm64/FridgeManager.SwiftFileList -DDEBUG -default-isolation\=MainActor -enable-bare-slash-regex -enable-upcoming-feature DisableOutwardActorInference -enable-upcoming-feature InferSendableFromCaptures -enable-upcoming-feature GlobalActorIsolatedTypesUsability -enable-upcoming-feature MemberImportVisibility -enable-upcoming-feature InferIsolatedConformances -enable-upcoming-feature NonisolatedNonsendingByDefault -enable-experimental-feature DebugDescriptionMacro -sdk /Applications/Xcode.app/Contents/Developer/Platforms/iPhoneSimulator.platform/Developer/SDKs/iPhoneSimulator26.2.sdk -target arm64-apple-ios26.2-simulator -g -module-cache-path /Users/filip/Library/Developer/Xcode/DerivedData/ModuleCache.noindex -Xfrontend -serialize-debugging-options -profile-coverage-mapping -profile-generate -enable-testing -index-store-path /Users/filip/Library/Developer/Xcode/DerivedData/FridgeManager-cqwjywvxdxuliyanckgpjwbekvor/Index.noindex/DataStore -Xcc -D_LIBCPP_HARDENING_MODE\=_LIBCPP_HARDENING_MODE_DEBUG -swift-version 5 -I /Users/filip/Library/Developer/Xcode/DerivedData/FridgeManager-cqwjywvxdxuliyanckgpjwbekvor/Build/Products/Debug-iphonesimulator -F /Users/filip/Library/Developer/Xcode/DerivedData/FridgeManager-cqwjywvxdxuliyanckgpjwbekvor/Build/Products/Debug-iphonesimulator -emit-localized-strings -emit-localized-strings-path /Users/filip/Library/Developer/Xcode/DerivedData/FridgeManager-cqwjywvxdxuliyanckgpjwbekvor/Build/Intermediates.noindex/FridgeManager.build/Debug-iphonesimulator/FridgeManager.build/Objects-normal/arm64 -c -j8 -enable-batch-mode -incremental -Xcc -ivfsstatcache -Xcc /Users/filip/Library/Developer/Xcode/DerivedData/SDKStatCaches.noindex/iphonesimulator26.2-23C53-7d00a8b37fbd7999ea79df8ebc024bf0.sdkstatcache -output-file-map /Users/filip/Library/Developer/Xcode/DerivedData/FridgeManager-cqwjywvxdxuliyanckgpjwbekvor/Build/Intermediates.noindex/FridgeManager.build/Debug-iphonesimulator/FridgeManager.build/Objects-normal/arm64/FridgeManager-OutputFileMap.json -use-frontend-parseable-output -save-temps -no-color-diagnostics -explicit-module-build -module-cache-path /Users/filip/Library/Developer/Xcode/DerivedData/FridgeManager-cqwjywvxdxuliyanckgpjwbekvor/Build/Intermediates.noindex/SwiftExplicitPrecompiledModules -clang-scanner-module-cache-path /Users/filip/Library/Developer/Xcode/DerivedData/ModuleCache.noindex -sdk-module-cache-path /Users/filip/Library/Developer/Xcode/DerivedData/ModuleCache.noindex -serialize-diagnostics -emit-dependencies -emit-module -emit-module-path /Users/filip/Library/Developer/Xcode/DerivedData/FridgeManager-cqwjywvxdxuliyanckgpjwbekvor/Build/Intermediates.noindex/FridgeManager.build/Debug-iphonesimulator/FridgeManager.build/Objects-normal/arm64/FridgeManager.swiftmodule -validate-clang-modules-once -clang-build-session-file /Users/filip/Library/Developer/Xcode/DerivedData/ModuleCache.noindex/Session.modulevalidation -Xcc -I/Users/filip/Library/Developer/Xcode/DerivedData/FridgeManager-cqwjywvxdxuliyanckgpjwbekvor/Build/Intermediates.noindex/FridgeManager.build/Debug-iphonesimulator/FridgeManager.build/swift-overrides.hmap -emit-const-values -Xfrontend -const-gather-protocols-file -Xfrontend /Users/filip/Library/Developer/Xcode/DerivedData/FridgeManager-cqwjywvxdxuliyanckgpjwbekvor/Build/Intermediates.noindex/FridgeManager.build/Debug-iphonesimulator/FridgeManager.build/Objects-normal/arm64/FridgeManager_const_extract_protocols.json -Xcc -iquote -Xcc /Users/filip/Library/Developer/Xcode/DerivedData/FridgeManager-cqwjywvxdxuliyanckgpjwbekvor/Build/Intermediates.noindex/FridgeManager.build/Debug-iphonesimulator/FridgeManager.build/FridgeManager-generated-files.hmap -Xcc -I/Users/filip/Library/Developer/Xcode/DerivedData/FridgeManager-cqwjywvxdxuliyanckgpjwbekvor/Build/Intermediates.noindex/FridgeManager.build/Debug-iphonesimulator/FridgeManager.build/FridgeManager-own-target-headers.hmap -Xcc -I/Users/filip/Library/Developer/Xcode/DerivedData/FridgeManager-cqwjywvxdxuliyanckgpjwbekvor/Build/Intermediates.noindex/FridgeManager.build/Debug-iphonesimulator/FridgeManager.build/FridgeManager-all-target-headers.hmap -Xcc -iquote -Xcc /Users/filip/Library/Developer/Xcode/DerivedData/FridgeManager-cqwjywvxdxuliyanckgpjwbekvor/Build/Intermediates.noindex/FridgeManager.build/Debug-iphonesimulator/FridgeManager.build/FridgeManager-project-headers.hmap -Xcc -I/Users/filip/Library/Developer/Xcode/DerivedData/FridgeManager-cqwjywvxdxuliyanckgpjwbekvor/Build/Products/Debug-iphonesimulator/include -Xcc -I/Users/filip/Library/Developer/Xcode/DerivedData/FridgeManager-cqwjywvxdxuliyanckgpjwbekvor/Build/Intermediates.noindex/FridgeManager.build/Debug-iphonesimulator/FridgeManager.build/DerivedSources-normal/arm64 -Xcc -I/Users/filip/Library/Developer/Xcode/DerivedData/FridgeManager-cqwjywvxdxuliyanckgpjwbekvor/Build/Intermediates.noindex/FridgeManager.build/Debug-iphonesimulator/FridgeManager.build/DerivedSources/arm64 -Xcc -I/Users/filip/Library/Developer/Xcode/DerivedData/FridgeManager-cqwjywvxdxuliyanckgpjwbekvor/Build/Intermediates.noindex/FridgeManager.build/Debug-iphonesimulator/FridgeManager.build/DerivedSources -Xcc -DDEBUG\=1 -emit-objc-header -emit-objc-header-path /Users/filip/Library/Developer/Xcode/DerivedData/FridgeManager-cqwjywvxdxuliyanckgpjwbekvor/Build/Intermediates.noindex/FridgeManager.build/Debug-iphonesimulator/FridgeManager.build/Objects-normal/arm64/FridgeManager-Swift.h -working-directory /Users/filip/Projects/FridgeManager/FridgeManager -experimental-emit-module-separately -disable-cmo
/Users/filip/Projects/FridgeManager/FridgeManager/FridgeManager/ContentView.swift:183:14: error: Consecutive statements on a line must be separated by ';'
            } detail: {
             ^
             ; (in target 'FridgeManager' from project 'FridgeManager')
/Users/filip/Projects/FridgeManager/FridgeManager/FridgeManager/ContentView.swift:183:23: error: Labeled block needs 'do'
            } detail: {
                      ^
                      do  (in target 'FridgeManager' from project 'FridgeManager')
/Users/filip/Projects/FridgeManager/FridgeManager/FridgeManager/ContentView.swift:285:5: error: Attribute 'private' can only be used in a non-local scope
    private func locationName(for item: FridgeItem) -> String {
    ^ (in target 'FridgeManager' from project 'FridgeManager')
/Users/filip/Projects/FridgeManager/FridgeManager/FridgeManager/ContentView.swift:296:5: error: Attribute 'private' can only be used in a non-local scope
    private func expirationStatus(for item: FridgeItem) -> (name: String, color: Color, accessibilityLabel: String)? {
    ^ (in target 'FridgeManager' from project 'FridgeManager')
/Users/filip/Projects/FridgeManager/FridgeManager/FridgeManager/ContentView.swift:320:5: error: Attribute 'private' can only be used in a non-local scope
    private func isExpiringWithinTwoDays(_ item: FridgeItem) -> Bool {
    ^ (in target 'FridgeManager' from project 'FridgeManager')
/Users/filip/Projects/FridgeManager/FridgeManager/FridgeManager/ContentView.swift:326:5: error: Attribute 'private' can only be used in a non-local scope
    private func deleteItems(offsets: IndexSet) {
    ^ (in target 'FridgeManager' from project 'FridgeManager')
/Users/filip/Projects/FridgeManager/FridgeManager/FridgeManager/ContentView.swift:341:5: error: Attribute 'private' can only be used in a non-local scope
    private func itemRow(_ item: FridgeItem) -> some View {
    ^ (in target 'FridgeManager' from project 'FridgeManager')
/Users/filip/Projects/FridgeManager/FridgeManager/FridgeManager/ContentView.swift:370:5: error: Attribute 'private' can only be used in a non-local scope
    private func itemsSection(header: String, items: [FridgeItem]) -> some View {
    ^ (in target 'FridgeManager' from project 'FridgeManager')
/Users/filip/Projects/FridgeManager/FridgeManager/FridgeManager/ContentView.swift:402:5: error: Attribute 'private' can only be used in a non-local scope
    private func groupedSections() -> [(fridge: Fridge, sections: [(header: String, items: [FridgeItem])])] {
    ^ (in target 'FridgeManager' from project 'FridgeManager')
/Users/filip/Projects/FridgeManager/FridgeManager/FridgeManager/ContentView.swift:437:5: error: Attribute 'private' can only be used in a non-local scope
    private func orphanedItems() -> [FridgeItem] {
    ^ (in target 'FridgeManager' from project 'FridgeManager')
/Users/filip/Projects/FridgeManager/FridgeManager/FridgeManager/ContentView.swift:577:1: error: Expected '}' in struct

^ (in target 'FridgeManager' from project 'FridgeManager')
/Users/filip/Projects/FridgeManager/FridgeManager/FridgeManager/ContentView.swift:11:26: note: To match this opening '{'
struct ContentView: View {
                         ^ (in target 'FridgeManager' from project 'FridgeManager')

warning: Run script build phase 'Regenerate App Icons' will be run during every build because it does not specify any outputs. To address this issue, either add output dependencies to the script phase, or configure it to run in every build by unchecking "Based on dependency analysis" in the script phase. (in target 'FridgeManager' from project 'FridgeManager')
