Command line invocation:
    /Applications/Xcode.app/Contents/Developer/usr/bin/xcodebuild -project FridgeManager.xcodeproj -scheme FridgeManager -configuration Debug -destination id=18764EDE-97FF-4EEC-8E7B-2B5383381779 clean build

CreateBuildRequest

SendProjectDescription

CreateBuildOperation

** CLEAN SUCCEEDED **

ComputePackagePrebuildTargetDependencyGraph

Prepare packages

CreateBuildRequest

SendProjectDescription

CreateBuildOperation

ComputeTargetDependencyGraph
note: Building targets in dependency order
note: Target dependency graph (1 target)
    Target 'FridgeManager' in project 'FridgeManager' (no dependencies)

GatherProvisioningInputs

CreateBuildDescription

ExecuteExternalTool /Applications/Xcode.app/Contents/Developer/usr/bin/actool --print-asset-tag-combinations --output-format xml1 /Users/filip/Projects/FridgeManager/FridgeManager/FridgeManager/FridgeManager/Assets.xcassets /Users/filip/Projects/FridgeManager/FridgeManager/FridgeManager/Assets.xcassets

ExecuteExternalTool /Applications/Xcode.app/Contents/Developer/Toolchains/XcodeDefault.xctoolchain/usr/bin/clang -v -E -dM -isysroot /Applications/Xcode.app/Contents/Developer/Platforms/iPhoneSimulator.platform/Developer/SDKs/iPhoneSimulator26.2.sdk -x c -c /dev/null

ExecuteExternalTool /Applications/Xcode.app/Contents/Developer/usr/bin/actool --version --output-format xml1

ExecuteExternalTool /Applications/Xcode.app/Contents/Developer/Toolchains/XcodeDefault.xctoolchain/usr/bin/swiftc --version

ExecuteExternalTool /Applications/Xcode.app/Contents/Developer/Toolchains/XcodeDefault.xctoolchain/usr/bin/ld -version_details

Build description signature: e577c2aaa482e0f7c72b05232ecb6f46
Build description path: /Users/filip/Library/Developer/Xcode/DerivedData/FridgeManager-cqwjywvxdxuliyanckgpjwbekvor/Build/Intermediates.noindex/XCBuildData/e577c2aaa482e0f7c72b05232ecb6f46.xcbuilddata
ClangStatCache /Applications/Xcode.app/Contents/Developer/Toolchains/XcodeDefault.xctoolchain/usr/bin/clang-stat-cache /Applications/Xcode.app/Contents/Developer/Platforms/iPhoneSimulator.platform/Developer/SDKs/iPhoneSimulator26.2.sdk /Users/filip/Library/Developer/Xcode/DerivedData/SDKStatCaches.noindex/iphonesimulator26.2-23C53-7d00a8b37fbd7999ea79df8ebc024bf0.sdkstatcache
    cd /Users/filip/Projects/FridgeManager/FridgeManager/FridgeManager.xcodeproj
    /Applications/Xcode.app/Contents/Developer/Toolchains/XcodeDefault.xctoolchain/usr/bin/clang-stat-cache /Applications/Xcode.app/Contents/Developer/Platforms/iPhoneSimulator.platform/Developer/SDKs/iPhoneSimulator26.2.sdk -o /Users/filip/Library/Developer/Xcode/DerivedData/SDKStatCaches.noindex/iphonesimulator26.2-23C53-7d00a8b37fbd7999ea79df8ebc024bf0.sdkstatcache

CreateBuildDirectory /Users/filip/Library/Developer/Xcode/DerivedData/FridgeManager-cqwjywvxdxuliyanckgpjwbekvor/Build/Products
    cd /Users/filip/Projects/FridgeManager/FridgeManager/FridgeManager.xcodeproj
    builtin-create-build-directory /Users/filip/Library/Developer/Xcode/DerivedData/FridgeManager-cqwjywvxdxuliyanckgpjwbekvor/Build/Products

CreateBuildDirectory /Users/filip/Library/Developer/Xcode/DerivedData/FridgeManager-cqwjywvxdxuliyanckgpjwbekvor/Build/Intermediates.noindex
    cd /Users/filip/Projects/FridgeManager/FridgeManager/FridgeManager.xcodeproj
    builtin-create-build-directory /Users/filip/Library/Developer/Xcode/DerivedData/FridgeManager-cqwjywvxdxuliyanckgpjwbekvor/Build/Intermediates.noindex

WriteAuxiliaryFile /Users/filip/Library/Developer/Xcode/DerivedData/FridgeManager-cqwjywvxdxuliyanckgpjwbekvor/Build/Intermediates.noindex/FridgeManager.build/Debug-iphonesimulator/FridgeManager-481fc638640fec3d0aed132ca65be358-VFS-iphonesimulator/all-product-headers.yaml
    cd /Users/filip/Projects/FridgeManager/FridgeManager/FridgeManager.xcodeproj
    write-file /Users/filip/Library/Developer/Xcode/DerivedData/FridgeManager-cqwjywvxdxuliyanckgpjwbekvor/Build/Intermediates.noindex/FridgeManager.build/Debug-iphonesimulator/FridgeManager-481fc638640fec3d0aed132ca65be358-VFS-iphonesimulator/all-product-headers.yaml
error: unable to write file '/Users/filip/Library/Developer/Xcode/DerivedData/FridgeManager-cqwjywvxdxuliyanckgpjwbekvor/Build/Intermediates.noindex/FridgeManager.build/Debug-iphonesimulator/FridgeManager-481fc638640fec3d0aed132ca65be358-VFS-iphonesimulator/all-product-headers.yaml': No such file or directory (2)

CreateBuildDirectory /Users/filip/Library/Developer/Xcode/DerivedData/FridgeManager-cqwjywvxdxuliyanckgpjwbekvor/Build/Intermediates.noindex/SwiftExplicitPrecompiledModules
    cd /Users/filip/Projects/FridgeManager/FridgeManager/FridgeManager.xcodeproj
    builtin-create-build-directory /Users/filip/Library/Developer/Xcode/DerivedData/FridgeManager-cqwjywvxdxuliyanckgpjwbekvor/Build/Intermediates.noindex/SwiftExplicitPrecompiledModules

CreateBuildDirectory /Users/filip/Library/Developer/Xcode/DerivedData/FridgeManager-cqwjywvxdxuliyanckgpjwbekvor/Build/Intermediates.noindex/ExplicitPrecompiledModules
    cd /Users/filip/Projects/FridgeManager/FridgeManager/FridgeManager.xcodeproj
    builtin-create-build-directory /Users/filip/Library/Developer/Xcode/DerivedData/FridgeManager-cqwjywvxdxuliyanckgpjwbekvor/Build/Intermediates.noindex/ExplicitPrecompiledModules

CreateBuildDirectory /Users/filip/Library/Developer/Xcode/DerivedData/FridgeManager-cqwjywvxdxuliyanckgpjwbekvor/Build/Intermediates.noindex/EagerLinkingTBDs/Debug-iphonesimulator
    cd /Users/filip/Projects/FridgeManager/FridgeManager/FridgeManager.xcodeproj
    builtin-create-build-directory /Users/filip/Library/Developer/Xcode/DerivedData/FridgeManager-cqwjywvxdxuliyanckgpjwbekvor/Build/Intermediates.noindex/EagerLinkingTBDs/Debug-iphonesimulator

CreateBuildDirectory /Users/filip/Library/Developer/Xcode/DerivedData/FridgeManager-cqwjywvxdxuliyanckgpjwbekvor/Build/Products/Debug-iphonesimulator
    cd /Users/filip/Projects/FridgeManager/FridgeManager/FridgeManager.xcodeproj
    builtin-create-build-directory /Users/filip/Library/Developer/Xcode/DerivedData/FridgeManager-cqwjywvxdxuliyanckgpjwbekvor/Build/Products/Debug-iphonesimulator

warning: Run script build phase 'Regenerate App Icons' will be run during every build because it does not specify any outputs. To address this issue, either add output dependencies to the script phase, or configure it to run in every build by unchecking "Based on dependency analysis" in the script phase. (in target 'FridgeManager' from project 'FridgeManager')
