Command line invocation:
    /Applications/Xcode.app/Contents/Developer/usr/bin/xcodebuild clean build -project FridgeManager.xcodeproj -scheme FridgeManager -configuration Debug -derivedDataPath ./build/DerivedData -destination id=60648CFD-A7BC-454B-A80C-74170AC32C7D

2026-02-21 14:32:47.444 xcodebuild[30731:600177] [MT] IDERunDestination: Supported platforms for the buildables in the current scheme is empty.
CreateBuildRequest

SendProjectDescription

CreateBuildOperation

** CLEAN SUCCEEDED **

ComputePackagePrebuildTargetDependencyGraph

Prepare packages

CreateBuildRequest

SendProjectDescription

CreateBuildOperation

ComputeTargetDependencyGraph
note: Building targets in dependency order
note: Target dependency graph (1 target)
    Target 'FridgeManager' in project 'FridgeManager' (no dependencies)

GatherProvisioningInputs

CreateBuildDescription

ExecuteExternalTool /Applications/Xcode.app/Contents/Developer/Toolchains/XcodeDefault.xctoolchain/usr/bin/clang -v -E -dM -isysroot /Applications/Xcode.app/Contents/Developer/Platforms/iPhoneSimulator.platform/Developer/SDKs/iPhoneSimulator26.2.sdk -x c -c /dev/null

ExecuteExternalTool /Applications/Xcode.app/Contents/Developer/usr/bin/actool --print-asset-tag-combinations --output-format xml1 /Users/filip/Projects/FridgeManager/FridgeManager/FridgeManager/FridgeManager/Assets.xcassets /Users/filip/Projects/FridgeManager/FridgeManager/FridgeManager/Assets.xcassets

ExecuteExternalTool /Applications/Xcode.app/Contents/Developer/usr/bin/actool --version --output-format xml1

ExecuteExternalTool /Applications/Xcode.app/Contents/Developer/Toolchains/XcodeDefault.xctoolchain/usr/bin/swiftc --version

ExecuteExternalTool /Applications/Xcode.app/Contents/Developer/Toolchains/XcodeDefault.xctoolchain/usr/bin/ld -version_details

Build description signature: 86b67a12b1e6e87867cbf78826645a30
Build description path: /Users/filip/Projects/FridgeManager/FridgeManager/build/DerivedData/Build/Intermediates.noindex/XCBuildData/86b67a12b1e6e87867cbf78826645a30.xcbuilddata
ClangStatCache /Applications/Xcode.app/Contents/Developer/Toolchains/XcodeDefault.xctoolchain/usr/bin/clang-stat-cache /Applications/Xcode.app/Contents/Developer/Platforms/iPhoneSimulator.platform/Developer/SDKs/iPhoneSimulator26.2.sdk /Users/filip/Projects/FridgeManager/FridgeManager/build/DerivedData/SDKStatCaches.noindex/iphonesimulator26.2-23C53-7d00a8b37fbd7999ea79df8ebc024bf0.sdkstatcache
    cd /Users/filip/Projects/FridgeManager/FridgeManager/FridgeManager.xcodeproj
    /Applications/Xcode.app/Contents/Developer/Toolchains/XcodeDefault.xctoolchain/usr/bin/clang-stat-cache /Applications/Xcode.app/Contents/Developer/Platforms/iPhoneSimulator.platform/Developer/SDKs/iPhoneSimulator26.2.sdk -o /Users/filip/Projects/FridgeManager/FridgeManager/build/DerivedData/SDKStatCaches.noindex/iphonesimulator26.2-23C53-7d00a8b37fbd7999ea79df8ebc024bf0.sdkstatcache

CreateBuildDirectory /Users/filip/Projects/FridgeManager/FridgeManager/build/DerivedData/Build/Products
    cd /Users/filip/Projects/FridgeManager/FridgeManager/FridgeManager.xcodeproj
    builtin-create-build-directory /Users/filip/Projects/FridgeManager/FridgeManager/build/DerivedData/Build/Products

CreateBuildDirectory /Users/filip/Projects/FridgeManager/FridgeManager/build/DerivedData/Build/Intermediates.noindex
    cd /Users/filip/Projects/FridgeManager/FridgeManager/FridgeManager.xcodeproj
    builtin-create-build-directory /Users/filip/Projects/FridgeManager/FridgeManager/build/DerivedData/Build/Intermediates.noindex

WriteAuxiliaryFile /Users/filip/Projects/FridgeManager/FridgeManager/build/DerivedData/Build/Intermediates.noindex/FridgeManager.build/Debug-iphonesimulator/FridgeManager-481fc638640fec3d0aed132ca65be358-VFS-iphonesimulator/all-product-headers.yaml
    cd /Users/filip/Projects/FridgeManager/FridgeManager/FridgeManager.xcodeproj
    write-file /Users/filip/Projects/FridgeManager/FridgeManager/build/DerivedData/Build/Intermediates.noindex/FridgeManager.build/Debug-iphonesimulator/FridgeManager-481fc638640fec3d0aed132ca65be358-VFS-iphonesimulator/all-product-headers.yaml

CreateBuildDirectory /Users/filip/Projects/FridgeManager/FridgeManager/build/DerivedData/Build/Products/Debug-iphonesimulator
    cd /Users/filip/Projects/FridgeManager/FridgeManager/FridgeManager.xcodeproj
    builtin-create-build-directory /Users/filip/Projects/FridgeManager/FridgeManager/build/DerivedData/Build/Products/Debug-iphonesimulator

CreateBuildDirectory /Users/filip/Projects/FridgeManager/FridgeManager/build/DerivedData/Build/Intermediates.noindex/SwiftExplicitPrecompiledModules
    cd /Users/filip/Projects/FridgeManager/FridgeManager/FridgeManager.xcodeproj
    builtin-create-build-directory /Users/filip/Projects/FridgeManager/FridgeManager/build/DerivedData/Build/Intermediates.noindex/SwiftExplicitPrecompiledModules

CreateBuildDirectory /Users/filip/Projects/FridgeManager/FridgeManager/build/DerivedData/Build/Intermediates.noindex/ExplicitPrecompiledModules
    cd /Users/filip/Projects/FridgeManager/FridgeManager/FridgeManager.xcodeproj
    builtin-create-build-directory /Users/filip/Projects/FridgeManager/FridgeManager/build/DerivedData/Build/Intermediates.noindex/ExplicitPrecompiledModules

CreateBuildDirectory /Users/filip/Projects/FridgeManager/FridgeManager/build/DerivedData/Build/Intermediates.noindex/EagerLinkingTBDs/Debug-iphonesimulator
    cd /Users/filip/Projects/FridgeManager/FridgeManager/FridgeManager.xcodeproj
    builtin-create-build-directory /Users/filip/Projects/FridgeManager/FridgeManager/build/DerivedData/Build/Intermediates.noindex/EagerLinkingTBDs/Debug-iphonesimulator

WriteAuxiliaryFile /Users/filip/Projects/FridgeManager/FridgeManager/build/DerivedData/Build/Intermediates.noindex/FridgeManager.build/Debug-iphonesimulator/FridgeManager.build/Script-DC67E1A12F477BA8008BD0B7.sh (in target 'FridgeManager' from project 'FridgeManager')
    cd /Users/filip/Projects/FridgeManager/FridgeManager
    write-file /Users/filip/Projects/FridgeManager/FridgeManager/build/DerivedData/Build/Intermediates.noindex/FridgeManager.build/Debug-iphonesimulator/FridgeManager.build/Script-DC67E1A12F477BA8008BD0B7.sh

WriteAuxiliaryFile /Users/filip/Projects/FridgeManager/FridgeManager/build/DerivedData/Build/Intermediates.noindex/FridgeManager.build/Debug-iphonesimulator/FridgeManager.build/Objects-normal/arm64/FridgeManager_const_extract_protocols.json (in target 'FridgeManager' from project 'FridgeManager')
    cd /Users/filip/Projects/FridgeManager/FridgeManager
    write-file /Users/filip/Projects/FridgeManager/FridgeManager/build/DerivedData/Build/Intermediates.noindex/FridgeManager.build/Debug-iphonesimulator/FridgeManager.build/Objects-normal/arm64/FridgeManager_const_extract_protocols.json

WriteAuxiliaryFile /Users/filip/Projects/FridgeManager/FridgeManager/build/DerivedData/Build/Intermediates.noindex/FridgeManager.build/Debug-iphonesimulator/FridgeManager.build/Objects-normal/arm64/FridgeManager.SwiftFileList (in target 'FridgeManager' from project 'FridgeManager')
    cd /Users/filip/Projects/FridgeManager/FridgeManager
    write-file /Users/filip/Projects/FridgeManager/FridgeManager/build/DerivedData/Build/Intermediates.noindex/FridgeManager.build/Debug-iphonesimulator/FridgeManager.build/Objects-normal/arm64/FridgeManager.SwiftFileList

WriteAuxiliaryFile /Users/filip/Projects/FridgeManager/FridgeManager/build/DerivedData/Build/Intermediates.noindex/FridgeManager.build/Debug-iphonesimulator/FridgeManager.build/Objects-normal/arm64/FridgeManager.SwiftConstValuesFileList (in target 'FridgeManager' from project 'FridgeManager')
    cd /Users/filip/Projects/FridgeManager/FridgeManager
    write-file /Users/filip/Projects/FridgeManager/FridgeManager/build/DerivedData/Build/Intermediates.noindex/FridgeManager.build/Debug-iphonesimulator/FridgeManager.build/Objects-normal/arm64/FridgeManager.SwiftConstValuesFileList

WriteAuxiliaryFile /Users/filip/Projects/FridgeManager/FridgeManager/build/DerivedData/Build/Intermediates.noindex/FridgeManager.build/Debug-iphonesimulator/FridgeManager.build/empty-FridgeManager.plist (in target 'FridgeManager' from project 'FridgeManager')
    cd /Users/filip/Projects/FridgeManager/FridgeManager
    write-file /Users/filip/Projects/FridgeManager/FridgeManager/build/DerivedData/Build/Intermediates.noindex/FridgeManager.build/Debug-iphonesimulator/FridgeManager.build/empty-FridgeManager.plist

WriteAuxiliaryFile /Users/filip/Projects/FridgeManager/FridgeManager/build/DerivedData/Build/Intermediates.noindex/FridgeManager.build/Debug-iphonesimulator/FridgeManager.build/Objects-normal/arm64/FridgeManager.LinkFileList (in target 'FridgeManager' from project 'FridgeManager')
    cd /Users/filip/Projects/FridgeManager/FridgeManager
    write-file /Users/filip/Projects/FridgeManager/FridgeManager/build/DerivedData/Build/Intermediates.noindex/FridgeManager.build/Debug-iphonesimulator/FridgeManager.build/Objects-normal/arm64/FridgeManager.LinkFileList

WriteAuxiliaryFile /Users/filip/Projects/FridgeManager/FridgeManager/build/DerivedData/Build/Intermediates.noindex/FridgeManager.build/Debug-iphonesimulator/FridgeManager.build/Objects-normal/arm64/FridgeManager-OutputFileMap.json (in target 'FridgeManager' from project 'FridgeManager')
    cd /Users/filip/Projects/FridgeManager/FridgeManager
    write-file /Users/filip/Projects/FridgeManager/FridgeManager/build/DerivedData/Build/Intermediates.noindex/FridgeManager.build/Debug-iphonesimulator/FridgeManager.build/Objects-normal/arm64/FridgeManager-OutputFileMap.json

WriteAuxiliaryFile /Users/filip/Projects/FridgeManager/FridgeManager/build/DerivedData/Build/Intermediates.noindex/FridgeManager.build/Debug-iphonesimulator/FridgeManager.build/FridgeManager.hmap (in target 'FridgeManager' from project 'FridgeManager')
    cd /Users/filip/Projects/FridgeManager/FridgeManager
    write-file /Users/filip/Projects/FridgeManager/FridgeManager/build/DerivedData/Build/Intermediates.noindex/FridgeManager.build/Debug-iphonesimulator/FridgeManager.build/FridgeManager.hmap

WriteAuxiliaryFile /Users/filip/Projects/FridgeManager/FridgeManager/build/DerivedData/Build/Intermediates.noindex/FridgeManager.build/Debug-iphonesimulator/FridgeManager.build/FridgeManager.DependencyStaticMetadataFileList (in target 'FridgeManager' from project 'FridgeManager')
    cd /Users/filip/Projects/FridgeManager/FridgeManager
    write-file /Users/filip/Projects/FridgeManager/FridgeManager/build/DerivedData/Build/Intermediates.noindex/FridgeManager.build/Debug-iphonesimulator/FridgeManager.build/FridgeManager.DependencyStaticMetadataFileList

WriteAuxiliaryFile /Users/filip/Projects/FridgeManager/FridgeManager/build/DerivedData/Build/Intermediates.noindex/FridgeManager.build/Debug-iphonesimulator/FridgeManager.build/FridgeManager.DependencyMetadataFileList (in target 'FridgeManager' from project 'FridgeManager')
    cd /Users/filip/Projects/FridgeManager/FridgeManager
    write-file /Users/filip/Projects/FridgeManager/FridgeManager/build/DerivedData/Build/Intermediates.noindex/FridgeManager.build/Debug-iphonesimulator/FridgeManager.build/FridgeManager.DependencyMetadataFileList

WriteAuxiliaryFile /Users/filip/Projects/FridgeManager/FridgeManager/build/DerivedData/Build/Intermediates.noindex/FridgeManager.build/Debug-iphonesimulator/FridgeManager.build/FridgeManager-project-headers.hmap (in target 'FridgeManager' from project 'FridgeManager')
    cd /Users/filip/Projects/FridgeManager/FridgeManager
    write-file /Users/filip/Projects/FridgeManager/FridgeManager/build/DerivedData/Build/Intermediates.noindex/FridgeManager.build/Debug-iphonesimulator/FridgeManager.build/FridgeManager-project-headers.hmap

WriteAuxiliaryFile /Users/filip/Projects/FridgeManager/FridgeManager/build/DerivedData/Build/Intermediates.noindex/FridgeManager.build/Debug-iphonesimulator/FridgeManager.build/FridgeManager-own-target-headers.hmap (in target 'FridgeManager' from project 'FridgeManager')
    cd /Users/filip/Projects/FridgeManager/FridgeManager
    write-file /Users/filip/Projects/FridgeManager/FridgeManager/build/DerivedData/Build/Intermediates.noindex/FridgeManager.build/Debug-iphonesimulator/FridgeManager.build/FridgeManager-own-target-headers.hmap

WriteAuxiliaryFile /Users/filip/Projects/FridgeManager/FridgeManager/build/DerivedData/Build/Intermediates.noindex/FridgeManager.build/Debug-iphonesimulator/FridgeManager.build/FridgeManager-generated-files.hmap (in target 'FridgeManager' from project 'FridgeManager')
    cd /Users/filip/Projects/FridgeManager/FridgeManager
    write-file /Users/filip/Projects/FridgeManager/FridgeManager/build/DerivedData/Build/Intermediates.noindex/FridgeManager.build/Debug-iphonesimulator/FridgeManager.build/FridgeManager-generated-files.hmap

WriteAuxiliaryFile /Users/filip/Projects/FridgeManager/FridgeManager/build/DerivedData/Build/Intermediates.noindex/FridgeManager.build/Debug-iphonesimulator/FridgeManager.build/FridgeManager-all-target-headers.hmap (in target 'FridgeManager' from project 'FridgeManager')
    cd /Users/filip/Projects/FridgeManager/FridgeManager
    write-file /Users/filip/Projects/FridgeManager/FridgeManager/build/DerivedData/Build/Intermediates.noindex/FridgeManager.build/Debug-iphonesimulator/FridgeManager.build/FridgeManager-all-target-headers.hmap

WriteAuxiliaryFile /Users/filip/Projects/FridgeManager/FridgeManager/build/DerivedData/Build/Intermediates.noindex/FridgeManager.build/Debug-iphonesimulator/FridgeManager.build/FridgeManager-all-non-framework-target-headers.hmap (in target 'FridgeManager' from project 'FridgeManager')
    cd /Users/filip/Projects/FridgeManager/FridgeManager
    write-file /Users/filip/Projects/FridgeManager/FridgeManager/build/DerivedData/Build/Intermediates.noindex/FridgeManager.build/Debug-iphonesimulator/FridgeManager.build/FridgeManager-all-non-framework-target-headers.hmap

WriteAuxiliaryFile /Users/filip/Projects/FridgeManager/FridgeManager/build/DerivedData/Build/Intermediates.noindex/FridgeManager.build/Debug-iphonesimulator/FridgeManager.build/FridgeManager-DebugDylibPath-normal-arm64.txt (in target 'FridgeManager' from project 'FridgeManager')
    cd /Users/filip/Projects/FridgeManager/FridgeManager
    write-file /Users/filip/Projects/FridgeManager/FridgeManager/build/DerivedData/Build/Intermediates.noindex/FridgeManager.build/Debug-iphonesimulator/FridgeManager.build/FridgeManager-DebugDylibPath-normal-arm64.txt

WriteAuxiliaryFile /Users/filip/Projects/FridgeManager/FridgeManager/build/DerivedData/Build/Intermediates.noindex/FridgeManager.build/Debug-iphonesimulator/FridgeManager.build/FridgeManager-DebugDylibInstallName-normal-arm64.txt (in target 'FridgeManager' from project 'FridgeManager')
    cd /Users/filip/Projects/FridgeManager/FridgeManager
    write-file /Users/filip/Projects/FridgeManager/FridgeManager/build/DerivedData/Build/Intermediates.noindex/FridgeManager.build/Debug-iphonesimulator/FridgeManager.build/FridgeManager-DebugDylibInstallName-normal-arm64.txt

WriteAuxiliaryFile /Users/filip/Projects/FridgeManager/FridgeManager/build/DerivedData/Build/Intermediates.noindex/FridgeManager.build/Debug-iphonesimulator/FridgeManager.build/DerivedSources/Entitlements-Simulated.plist (in target 'FridgeManager' from project 'FridgeManager')
    cd /Users/filip/Projects/FridgeManager/FridgeManager
    write-file /Users/filip/Projects/FridgeManager/FridgeManager/build/DerivedData/Build/Intermediates.noindex/FridgeManager.build/Debug-iphonesimulator/FridgeManager.build/DerivedSources/Entitlements-Simulated.plist

WriteAuxiliaryFile /Users/filip/Projects/FridgeManager/FridgeManager/build/DerivedData/Build/Intermediates.noindex/FridgeManager.build/Debug-iphonesimulator/FridgeManager.build/8e7b52a4647c828a08dbca5a9dc63096.sb (in target 'FridgeManager' from project 'FridgeManager')
    cd /Users/filip/Projects/FridgeManager/FridgeManager
    write-file /Users/filip/Projects/FridgeManager/FridgeManager/build/DerivedData/Build/Intermediates.noindex/FridgeManager.build/Debug-iphonesimulator/FridgeManager.build/8e7b52a4647c828a08dbca5a9dc63096.sb

MkDir /Users/filip/Projects/FridgeManager/FridgeManager/build/DerivedData/Build/Products/Debug-iphonesimulator/FridgeManager.app (in target 'FridgeManager' from project 'FridgeManager')
    cd /Users/filip/Projects/FridgeManager/FridgeManager
    /bin/mkdir -p /Users/filip/Projects/FridgeManager/FridgeManager/build/DerivedData/Build/Products/Debug-iphonesimulator/FridgeManager.app

ProcessProductPackaging "" /Users/filip/Projects/FridgeManager/FridgeManager/build/DerivedData/Build/Intermediates.noindex/FridgeManager.build/Debug-iphonesimulator/FridgeManager.build/FridgeManager.app-Simulated.xcent (in target 'FridgeManager' from project 'FridgeManager')
    cd /Users/filip/Projects/FridgeManager/FridgeManager
    
    Entitlements:
    
    {
    "application-identifier" = "22L5CCVC3A.be.razor.FridgeManager";
}
    
    builtin-productPackagingUtility -entitlements -format xml -o /Users/filip/Projects/FridgeManager/FridgeManager/build/DerivedData/Build/Intermediates.noindex/FridgeManager.build/Debug-iphonesimulator/FridgeManager.build/FridgeManager.app-Simulated.xcent

ProcessProductPackagingDER /Users/filip/Projects/FridgeManager/FridgeManager/build/DerivedData/Build/Intermediates.noindex/FridgeManager.build/Debug-iphonesimulator/FridgeManager.build/FridgeManager.app-Simulated.xcent /Users/filip/Projects/FridgeManager/FridgeManager/build/DerivedData/Build/Intermediates.noindex/FridgeManager.build/Debug-iphonesimulator/FridgeManager.build/FridgeManager.app-Simulated.xcent.der (in target 'FridgeManager' from project 'FridgeManager')
    cd /Users/filip/Projects/FridgeManager/FridgeManager
    /usr/bin/derq query -f xml -i /Users/filip/Projects/FridgeManager/FridgeManager/build/DerivedData/Build/Intermediates.noindex/FridgeManager.build/Debug-iphonesimulator/FridgeManager.build/FridgeManager.app-Simulated.xcent -o /Users/filip/Projects/FridgeManager/FridgeManager/build/DerivedData/Build/Intermediates.noindex/FridgeManager.build/Debug-iphonesimulator/FridgeManager.build/FridgeManager.app-Simulated.xcent.der --raw

Ld /Users/filip/Projects/FridgeManager/FridgeManager/build/DerivedData/Build/Products/Debug-iphonesimulator/FridgeManager.app/__preview.dylib normal (in target 'FridgeManager' from project 'FridgeManager')
    cd /Users/filip/Projects/FridgeManager/FridgeManager
    /Applications/Xcode.app/Contents/Developer/Toolchains/XcodeDefault.xctoolchain/usr/bin/clang -Xlinker -reproducible -target arm64-apple-ios26.2-simulator -dynamiclib -isysroot /Applications/Xcode.app/Contents/Developer/Platforms/iPhoneSimulator.platform/Developer/SDKs/iPhoneSimulator26.2.sdk -O0 -L/Users/filip/Projects/FridgeManager/FridgeManager/build/DerivedData/Build/Products/Debug-iphonesimulator -F/Users/filip/Projects/FridgeManager/FridgeManager/build/DerivedData/Build/Products/Debug-iphonesimulator -install_name @rpath/FridgeManager.debug.dylib -dead_strip -rdynamic -Xlinker -no_deduplicate -Xlinker -objc_abi_version -Xlinker 2 -Xlinker -debug_variant -Xlinker -dependency_info -Xlinker /Users/filip/Projects/FridgeManager/FridgeManager/build/DerivedData/Build/Intermediates.noindex/FridgeManager.build/Debug-iphonesimulator/FridgeManager.build/Objects-normal/arm64/FridgeManager_dependency_info.dat -Xlinker -sectcreate -Xlinker __TEXT -Xlinker __entitlements -Xlinker /Users/filip/Projects/FridgeManager/FridgeManager/build/DerivedData/Build/Intermediates.noindex/FridgeManager.build/Debug-iphonesimulator/FridgeManager.build/FridgeManager.app-Simulated.xcent -Xlinker -sectcreate -Xlinker __TEXT -Xlinker __ents_der -Xlinker /Users/filip/Projects/FridgeManager/FridgeManager/build/DerivedData/Build/Intermediates.noindex/FridgeManager.build/Debug-iphonesimulator/FridgeManager.build/FridgeManager.app-Simulated.xcent.der -Xlinker -no_adhoc_codesign -o /Users/filip/Projects/FridgeManager/FridgeManager/build/DerivedData/Build/Products/Debug-iphonesimulator/FridgeManager.app/__preview.dylib

MkDir /Users/filip/Projects/FridgeManager/FridgeManager/build/DerivedData/Build/Intermediates.noindex/FridgeManager.build/Debug-iphonesimulator/FridgeManager.build/assetcatalog_output/unthinned (in target 'FridgeManager' from project 'FridgeManager')
    cd /Users/filip/Projects/FridgeManager/FridgeManager
    /bin/mkdir -p /Users/filip/Projects/FridgeManager/FridgeManager/build/DerivedData/Build/Intermediates.noindex/FridgeManager.build/Debug-iphonesimulator/FridgeManager.build/assetcatalog_output/unthinned

MkDir /Users/filip/Projects/FridgeManager/FridgeManager/build/DerivedData/Build/Intermediates.noindex/FridgeManager.build/Debug-iphonesimulator/FridgeManager.build/assetcatalog_output/thinned (in target 'FridgeManager' from project 'FridgeManager')
    cd /Users/filip/Projects/FridgeManager/FridgeManager
    /bin/mkdir -p /Users/filip/Projects/FridgeManager/FridgeManager/build/DerivedData/Build/Intermediates.noindex/FridgeManager.build/Debug-iphonesimulator/FridgeManager.build/assetcatalog_output/thinned

GenerateAssetSymbols /Users/filip/Projects/FridgeManager/FridgeManager/FridgeManager/FridgeManager/Assets.xcassets /Users/filip/Projects/FridgeManager/FridgeManager/FridgeManager/Assets.xcassets (in target 'FridgeManager' from project 'FridgeManager')
    cd /Users/filip/Projects/FridgeManager/FridgeManager
    /Applications/Xcode.app/Contents/Developer/usr/bin/actool /Users/filip/Projects/FridgeManager/FridgeManager/FridgeManager/FridgeManager/Assets.xcassets /Users/filip/Projects/FridgeManager/FridgeManager/FridgeManager/Assets.xcassets --compile /Users/filip/Projects/FridgeManager/FridgeManager/build/DerivedData/Build/Products/Debug-iphonesimulator/FridgeManager.app --output-format human-readable-text --notices --warnings --export-dependency-info /Users/filip/Projects/FridgeManager/FridgeManager/build/DerivedData/Build/Intermediates.noindex/FridgeManager.build/Debug-iphonesimulator/FridgeManager.build/assetcatalog_dependencies --output-partial-info-plist /Users/filip/Projects/FridgeManager/FridgeManager/build/DerivedData/Build/Intermediates.noindex/FridgeManager.build/Debug-iphonesimulator/FridgeManager.build/assetcatalog_generated_info.plist --app-icon AppIcon --accent-color AccentColor --compress-pngs --enable-on-demand-resources YES --development-region en --target-device iphone --target-device ipad --minimum-deployment-target 26.2 --platform iphonesimulator --bundle-identifier be.razor.FridgeManager --generate-swift-asset-symbols /Users/filip/Projects/FridgeManager/FridgeManager/build/DerivedData/Build/Intermediates.noindex/FridgeManager.build/Debug-iphonesimulator/FridgeManager.build/DerivedSources/GeneratedAssetSymbols.swift --generate-objc-asset-symbols /Users/filip/Projects/FridgeManager/FridgeManager/build/DerivedData/Build/Intermediates.noindex/FridgeManager.build/Debug-iphonesimulator/FridgeManager.build/DerivedSources/GeneratedAssetSymbols.h --generate-asset-symbol-index /Users/filip/Projects/FridgeManager/FridgeManager/build/DerivedData/Build/Intermediates.noindex/FridgeManager.build/Debug-iphonesimulator/FridgeManager.build/DerivedSources/GeneratedAssetSymbols-Index.plist
/* com.apple.actool.document.warnings */
/Users/filip/Projects/FridgeManager/FridgeManager/FridgeManager/FridgeManager/Assets.xcassets:./AppLogo.imageset/(null)[2d][AppLogo-1x.png]: warning: The image set "AppLogo" has 3 unassigned children.
/Users/filip/Projects/FridgeManager/FridgeManager/FridgeManager/FridgeManager/Assets.xcassets:./AppIcon.appiconset/(null)[2d][AppIcon-1024.png]: warning: The app icon set "AppIcon" has 13 unassigned children.
/Users/filip/Projects/FridgeManager/FridgeManager/FridgeManager/FridgeManager/Assets.xcassets:./AppLogo.imageset/(null)[2d][AppLogo-1x.png]: warning: The image set "AppLogo" has 3 unassigned children.
/Users/filip/Projects/FridgeManager/FridgeManager/FridgeManager/FridgeManager/Assets.xcassets:./AppIcon.appiconset/(null)[2d][AppIcon-1024.png]: warning: The app icon set "AppIcon" has 13 unassigned children.
/* com.apple.actool.compilation-results */
/Users/filip/Projects/FridgeManager/FridgeManager/build/DerivedData/Build/Intermediates.noindex/FridgeManager.build/Debug-iphonesimulator/FridgeManager.build/DerivedSources/GeneratedAssetSymbols-Index.plist
/Users/filip/Projects/FridgeManager/FridgeManager/build/DerivedData/Build/Intermediates.noindex/FridgeManager.build/Debug-iphonesimulator/FridgeManager.build/DerivedSources/GeneratedAssetSymbols.h
/Users/filip/Projects/FridgeManager/FridgeManager/build/DerivedData/Build/Intermediates.noindex/FridgeManager.build/Debug-iphonesimulator/FridgeManager.build/DerivedSources/GeneratedAssetSymbols.swift


CompileAssetCatalogVariant thinned /Users/filip/Projects/FridgeManager/FridgeManager/build/DerivedData/Build/Products/Debug-iphonesimulator/FridgeManager.app /Users/filip/Projects/FridgeManager/FridgeManager/FridgeManager/FridgeManager/Assets.xcassets /Users/filip/Projects/FridgeManager/FridgeManager/FridgeManager/Assets.xcassets (in target 'FridgeManager' from project 'FridgeManager')
    cd /Users/filip/Projects/FridgeManager/FridgeManager
    /Applications/Xcode.app/Contents/Developer/usr/bin/actool /Users/filip/Projects/FridgeManager/FridgeManager/FridgeManager/FridgeManager/Assets.xcassets /Users/filip/Projects/FridgeManager/FridgeManager/FridgeManager/Assets.xcassets --compile /Users/filip/Projects/FridgeManager/FridgeManager/build/DerivedData/Build/Intermediates.noindex/FridgeManager.build/Debug-iphonesimulator/FridgeManager.build/assetcatalog_output/thinned --output-format human-readable-text --notices --warnings --export-dependency-info /Users/filip/Projects/FridgeManager/FridgeManager/build/DerivedData/Build/Intermediates.noindex/FridgeManager.build/Debug-iphonesimulator/FridgeManager.build/assetcatalog_dependencies_thinned --output-partial-info-plist /Users/filip/Projects/FridgeManager/FridgeManager/build/DerivedData/Build/Intermediates.noindex/FridgeManager.build/Debug-iphonesimulator/FridgeManager.build/assetcatalog_generated_info.plist_thinned --app-icon AppIcon --accent-color AccentColor --compress-pngs --enable-on-demand-resources YES --filter-for-thinning-device-configuration iPhone18,3 --filter-for-device-os-version 26.2 --development-region en --target-device iphone --target-device ipad --minimum-deployment-target 26.2 --platform iphonesimulator
/Users/filip/Projects/FridgeManager/FridgeManager/FridgeManager/ContentView.swift:58:47: error: expected member name following '.'
                        ForEach(groups, id: \.(fridge.id)) { group in
                                              ^
/Users/filip/Projects/FridgeManager/FridgeManager/FridgeManager/ContentView.swift:60:63: error: expected member name following '.'
                                ForEach(group.sections, id: \.(header)) { subsection in
                                                              ^

SwiftDriver FridgeManager normal arm64 com.apple.xcode.tools.swift.compiler (in target 'FridgeManager' from project 'FridgeManager')
    cd /Users/filip/Projects/FridgeManager/FridgeManager
    builtin-SwiftDriver -- /Applications/Xcode.app/Contents/Developer/Toolchains/XcodeDefault.xctoolchain/usr/bin/swiftc -module-name FridgeManager -Onone -enforce-exclusivity\=checked @/Users/filip/Projects/FridgeManager/FridgeManager/build/DerivedData/Build/Intermediates.noindex/FridgeManager.build/Debug-iphonesimulator/FridgeManager.build/Objects-normal/arm64/FridgeManager.SwiftFileList -DDEBUG -default-isolation\=MainActor -enable-bare-slash-regex -enable-upcoming-feature DisableOutwardActorInference -enable-upcoming-feature InferSendableFromCaptures -enable-upcoming-feature GlobalActorIsolatedTypesUsability -enable-upcoming-feature MemberImportVisibility -enable-upcoming-feature InferIsolatedConformances -enable-upcoming-feature NonisolatedNonsendingByDefault -enable-experimental-feature DebugDescriptionMacro -sdk /Applications/Xcode.app/Contents/Developer/Platforms/iPhoneSimulator.platform/Developer/SDKs/iPhoneSimulator26.2.sdk -target arm64-apple-ios26.2-simulator -g -module-cache-path /Users/filip/Projects/FridgeManager/FridgeManager/build/DerivedData/ModuleCache.noindex -Xfrontend -serialize-debugging-options -profile-coverage-mapping -profile-generate -enable-testing -index-store-path /Users/filip/Projects/FridgeManager/FridgeManager/build/DerivedData/Index.noindex/DataStore -Xcc -D_LIBCPP_HARDENING_MODE\=_LIBCPP_HARDENING_MODE_DEBUG -swift-version 5 -I /Users/filip/Projects/FridgeManager/FridgeManager/build/DerivedData/Build/Products/Debug-iphonesimulator -F /Users/filip/Projects/FridgeManager/FridgeManager/build/DerivedData/Build/Products/Debug-iphonesimulator -emit-localized-strings -emit-localized-strings-path /Users/filip/Projects/FridgeManager/FridgeManager/build/DerivedData/Build/Intermediates.noindex/FridgeManager.build/Debug-iphonesimulator/FridgeManager.build/Objects-normal/arm64 -c -j8 -enable-batch-mode -incremental -Xcc -ivfsstatcache -Xcc /Users/filip/Projects/FridgeManager/FridgeManager/build/DerivedData/SDKStatCaches.noindex/iphonesimulator26.2-23C53-7d00a8b37fbd7999ea79df8ebc024bf0.sdkstatcache -output-file-map /Users/filip/Projects/FridgeManager/FridgeManager/build/DerivedData/Build/Intermediates.noindex/FridgeManager.build/Debug-iphonesimulator/FridgeManager.build/Objects-normal/arm64/FridgeManager-OutputFileMap.json -use-frontend-parseable-output -save-temps -no-color-diagnostics -explicit-module-build -module-cache-path /Users/filip/Projects/FridgeManager/FridgeManager/build/DerivedData/Build/Intermediates.noindex/SwiftExplicitPrecompiledModules -clang-scanner-module-cache-path /Users/filip/Projects/FridgeManager/FridgeManager/build/DerivedData/ModuleCache.noindex -sdk-module-cache-path /Users/filip/Projects/FridgeManager/FridgeManager/build/DerivedData/ModuleCache.noindex -serialize-diagnostics -emit-dependencies -emit-module -emit-module-path /Users/filip/Projects/FridgeManager/FridgeManager/build/DerivedData/Build/Intermediates.noindex/FridgeManager.build/Debug-iphonesimulator/FridgeManager.build/Objects-normal/arm64/FridgeManager.swiftmodule -validate-clang-modules-once -clang-build-session-file /Users/filip/Projects/FridgeManager/FridgeManager/build/DerivedData/ModuleCache.noindex/Session.modulevalidation -Xcc -I/Users/filip/Projects/FridgeManager/FridgeManager/build/DerivedData/Build/Intermediates.noindex/FridgeManager.build/Debug-iphonesimulator/FridgeManager.build/swift-overrides.hmap -emit-const-values -Xfrontend -const-gather-protocols-file -Xfrontend /Users/filip/Projects/FridgeManager/FridgeManager/build/DerivedData/Build/Intermediates.noindex/FridgeManager.build/Debug-iphonesimulator/FridgeManager.build/Objects-normal/arm64/FridgeManager_const_extract_protocols.json -Xcc -iquote -Xcc /Users/filip/Projects/FridgeManager/FridgeManager/build/DerivedData/Build/Intermediates.noindex/FridgeManager.build/Debug-iphonesimulator/FridgeManager.build/FridgeManager-generated-files.hmap -Xcc -I/Users/filip/Projects/FridgeManager/FridgeManager/build/DerivedData/Build/Intermediates.noindex/FridgeManager.build/Debug-iphonesimulator/FridgeManager.build/FridgeManager-own-target-headers.hmap -Xcc -I/Users/filip/Projects/FridgeManager/FridgeManager/build/DerivedData/Build/Intermediates.noindex/FridgeManager.build/Debug-iphonesimulator/FridgeManager.build/FridgeManager-all-target-headers.hmap -Xcc -iquote -Xcc /Users/filip/Projects/FridgeManager/FridgeManager/build/DerivedData/Build/Intermediates.noindex/FridgeManager.build/Debug-iphonesimulator/FridgeManager.build/FridgeManager-project-headers.hmap -Xcc -I/Users/filip/Projects/FridgeManager/FridgeManager/build/DerivedData/Build/Products/Debug-iphonesimulator/include -Xcc -I/Users/filip/Projects/FridgeManager/FridgeManager/build/DerivedData/Build/Intermediates.noindex/FridgeManager.build/Debug-iphonesimulator/FridgeManager.build/DerivedSources-normal/arm64 -Xcc -I/Users/filip/Projects/FridgeManager/FridgeManager/build/DerivedData/Build/Intermediates.noindex/FridgeManager.build/Debug-iphonesimulator/FridgeManager.build/DerivedSources/arm64 -Xcc -I/Users/filip/Projects/FridgeManager/FridgeManager/build/DerivedData/Build/Intermediates.noindex/FridgeManager.build/Debug-iphonesimulator/FridgeManager.build/DerivedSources -Xcc -DDEBUG\=1 -emit-objc-header -emit-objc-header-path /Users/filip/Projects/FridgeManager/FridgeManager/build/DerivedData/Build/Intermediates.noindex/FridgeManager.build/Debug-iphonesimulator/FridgeManager.build/Objects-normal/arm64/FridgeManager-Swift.h -working-directory /Users/filip/Projects/FridgeManager/FridgeManager -experimental-emit-module-separately -disable-cmo
/Users/filip/Projects/FridgeManager/FridgeManager/FridgeManager/ContentView.swift:58:47: error: Expected member name following '.'
                        ForEach(groups, id: \.(fridge.id)) { group in
                                              ^ (in target 'FridgeManager' from project 'FridgeManager')
/Users/filip/Projects/FridgeManager/FridgeManager/FridgeManager/ContentView.swift:60:63: error: Expected member name following '.'
                                ForEach(group.sections, id: \.(header)) { subsection in
                                                              ^ (in target 'FridgeManager' from project 'FridgeManager')

warning: Run script build phase 'Regenerate App Icons' will be run during every build because it does not specify any outputs. To address this issue, either add output dependencies to the script phase, or configure it to run in every build by unchecking "Based on dependency analysis" in the script phase. (in target 'FridgeManager' from project 'FridgeManager')
** BUILD FAILED **


The following build commands failed:
	SwiftDriver FridgeManager normal arm64 com.apple.xcode.tools.swift.compiler (in target 'FridgeManager' from project 'FridgeManager')
	Building project FridgeManager with scheme FridgeManager and configuration Debug
(2 failures)
